<?xml version="1.0" encoding="UTF-8"?>
<!-- Generated by org.testng.reporters.JUnitReportReporter -->
<testsuite hostname="aman" failures="0" tests="8" name="JiraTest" time="2.413" errors="0" timestamp="2024-02-10T20:42:40 IST" skipped="6">
  <testcase classname="JiraTest" name="GetSessionTokenS" time="2.176"/>
  <testcase classname="JiraTest" name="GetIssueS" time="0.237"/>
  <testcase classname="JiraTest" name="AddAttachments">
    <skipped/>
  </testcase> <!-- AddAttachments -->
  <testcase classname="JiraTest" name="CreateIssue">
    <skipped/>
  </testcase> <!-- CreateIssue -->
  <testcase classname="JiraTest" name="GetSessionToken">
    <skipped/>
  </testcase> <!-- GetSessionToken -->
  <testcase classname="JiraTest" name="AddComment">
    <skipped/>
  </testcase> <!-- AddComment -->
  <testcase classname="JiraTest" name="CreateIssueS">
    <skipped/>
  </testcase> <!-- CreateIssueS -->
  <testcase classname="JiraTest" name="AddCommentS">
    <skipped/>
  </testcase> <!-- AddCommentS -->
</testsuite> <!-- JiraTest -->
