<?xml version="1.0" encoding="UTF-8"?>
<!-- Generated by org.testng.reporters.JUnitReportReporter -->
<testsuite hostname="aman" failures="0" tests="1" name="Basic" time="2.400" errors="0" timestamp="2024-02-08T12:54:09 IST" skipped="0">
  <testcase classname="Basic" name="AddBook" time="2.400"/>
</testsuite> <!-- Basic -->
